<?xml version="1.0" encoding="UTF-8"?>
<!-- Generated by org.testng.reporters.JUnitXMLReporter -->
<testsuite hostname="Krishna.local" tests="0" failures="0" timestamp="17 Jan 2017 12:30:00 GMT" time="4.091" errors="0">
  <testcase name="@BeforeTest exceldata" time="0.0" classname="App_modules.ExcelTest">
    <failure type="java.lang.StackOverflowError">
      <![CDATA[java.lang.StackOverflowError
	at Automation_Framework.Locators.<init>(Locators.java:3)
	at Automation_Framework.ExcelTest.<init>(ExcelTest.java:26)
	at App_modules.MD04_Draw_Flow.<init>(MD04_Draw_Flow.java:26)
	at Automation_Framework.ExcelTest.<init>(ExcelTest.java:27)
	at App_modules.MD04_Draw_Flow.<init>(MD04_Draw_Flow.java:26)
	at Automation_Framework.ExcelTest.<init>(ExcelTest.java:27)
	at App_modules.MD04_Draw_Flow.<init>(MD04_Draw_Flow.java:26)
	at Automation_Framework.ExcelTest.<init>(ExcelTest.java:27)
	at App_modules.MD04_Draw_Flow.<init>(MD04_Draw_Flow.java:26)
	at Automation_Framework.ExcelTest.<init>(ExcelTest.java:27)
	at App_modules.MD04_Draw_Flow.<init>(MD04_Draw_Flow.java:26)
	at Automation_Framework.ExcelTest.<init>(ExcelTest.java:27)
	at App_modules.MD04_Draw_Flow.<init>(MD04_Draw_Flow.java:26)
	at Automation_Framework.ExcelTest.<init>(ExcelTest.java:27)
	at App_modules.MD04_Draw_Flow.<init>(MD04_Draw_Flow.java:26)
	at Automation_Framework.ExcelTest.<init>(ExcelTest.java:27)
	at App_modules.MD04_Draw_Flow.<init>(MD04_Draw_Flow.java:26)
	at Automation_Framework.ExcelTest.<init>(ExcelTest.java:27)
	at App_modules.MD04_Draw_Flow.<init>(MD04_Draw_Flow.java:26)
	at Automation_Framework.ExcelTest.<init>(ExcelTest.java:27)
	at App_modules.MD04_Draw_Flow.<init>(MD04_Draw_Flow.java:26)
	at Automation_Framework.ExcelTest.<init>(ExcelTest.java:27)
	at App_modules.MD04_Draw_Flow.<init>(MD04_Draw_Flow.java:26)
	at Automation_Framework.ExcelTest.<init>(ExcelTest.java:27)
	at App_modules.MD04_Draw_Flow.<init>(MD04_Draw_Flow.java:26)
	at Automation_Framework.ExcelTest.<init>(ExcelTest.java:27)
	at App_modules.MD04_Draw_Flow.<init>(MD04_Draw_Flow.java:26)
	at Automation_Framework.ExcelTest.<init>(ExcelTest.java:27)
	at App_modules.MD04_Draw_Flow.<init>(MD04_Draw_Flow.java:26)
	at Automation_Framework.ExcelTest.<init>(ExcelTest.java:27)
	at App_modules.MD04_Draw_Flow.<init>(MD04_Draw_Flow.java:26)
	at Automation_Framework.ExcelTest.<init>(ExcelTest.java:27)
	at App_modules.MD04_Draw_Flow.<init>(MD04_Draw_Flow.java:26)
	at Automation_Framework.ExcelTest.<init>(ExcelTest.java:27)
	at App_modules.MD04_Draw_Flow.<init>(MD04_Draw_Flow.java:26)
	at Automation_Framework.ExcelTest.<init>(ExcelTest.java:27)
	at App_modules.MD04_Draw_Flow.<init>(MD04_Draw_Flow.java:26)
	at Automation_Framework.ExcelTest.<init>(ExcelTest.java:27)
	at App_modules.MD04_Draw_Flow.<init>(MD04_Draw_Flow.java:26)
	at Automation_Framework.ExcelTest.<init>(ExcelTest.java:27)
	at App_modules.MD04_Draw_Flow.<init>(MD04_Draw_Flow.java:26)
	at Automation_Framework.ExcelTest.<init>(ExcelTest.java:27)
	at App_modules.MD04_Draw_Flow.<init>(MD04_Draw_Flow.java:26)
	at Automation_Framework.ExcelTest.<init>(ExcelTest.java:27)
	at App_modules.MD04_Draw_Flow.<init>(MD04_Draw_Flow.java:26)
	at Automation_Framework.ExcelTest.<init>(ExcelTest.java:27)
	at App_modules.MD04_Draw_Flow.<init>(MD04_Draw_Flow.java:26)
	at Automation_Framework.ExcelTest.<init>(ExcelTest.java:27)
	at App_modules.MD04_Draw_Flow.<init>(MD04_Draw_Flow.java:26)
	at Automation_Framework.ExcelTest.<init>(ExcelTest.java:27)
	at App_modules.MD04_Draw_Flow.<init>(MD04_Draw_Flow.java:26)
	at Automation_Framework.ExcelTest.<init>(ExcelTest.java:27)
	at App_modules.MD04_Draw_Flow.<init>(MD04_Draw_Flow.java:26)
	at Automation_Framework.ExcelTest.<init>(ExcelTest.java:27)
	at App_modules.MD04_Draw_Flow.<init>(MD04_Draw_Flow.java:26)
	at Automation_Framework.ExcelTest.<init>(ExcelTest.java:27)
	at App_modules.MD04_Draw_Flow.<init>(MD04_Draw_Flow.java:26)
	at Automation_Framework.ExcelTest.<init>(ExcelTest.java:27)
	at App_modules.MD04_Draw_Flow.<init>(MD04_Draw_Flow.java:26)
	at Automation_Framework.ExcelTest.<init>(ExcelTest.java:27)
	at App_modules.MD04_Draw_Flow.<init>(MD04_Draw_Flow.java:26)
	at Automation_Framework.ExcelTest.<init>(ExcelTest.java:27)
	at App_modules.MD04_Draw_Flow.<init>(MD04_Draw_Flow.java:26)
	at Automation_Framework.ExcelTest.<init>(ExcelTest.java:27)
	at App_modules.MD04_Draw_Flow.<init>(MD04_Draw_Flow.java:26)
	at Automation_Framework.ExcelTest.<init>(ExcelTest.java:27)
	at App_modules.MD04_Draw_Flow.<init>(MD04_Draw_Flow.java:26)
	at Automation_Framework.ExcelTest.<init>(ExcelTest.java:27)
	at App_modules.MD04_Draw_Flow.<init>(MD04_Draw_Flow.java:26)
	at Automation_Framework.ExcelTest.<init>(ExcelTest.java:27)
	at App_modules.MD04_Draw_Flow.<init>(MD04_Draw_Flow.java:26)
	at Automation_Framework.ExcelTest.<init>(ExcelTest.java:27)
	at App_modules.MD04_Draw_Flow.<init>(MD04_Draw_Flow.java:26)
	at Automation_Framework.ExcelTest.<init>(ExcelTest.java:27)
	at App_modules.MD04_Draw_Flow.<init>(MD04_Draw_Flow.java:26)
	at Automation_Framework.ExcelTest.<init>(ExcelTest.java:27)
	at App_modules.MD04_Draw_Flow.<init>(MD04_Draw_Flow.java:26)
	at Automation_Framework.ExcelTest.<init>(ExcelTest.java:27)
	at App_modules.MD04_Draw_Flow.<init>(MD04_Draw_Flow.java:26)
	at Automation_Framework.ExcelTest.<init>(ExcelTest.java:27)
	at App_modules.MD04_Draw_Flow.<init>(MD04_Draw_Flow.java:26)
	at Automation_Framework.ExcelTest.<init>(ExcelTest.java:27)
	at App_modules.MD04_Draw_Flow.<init>(MD04_Draw_Flow.java:26)
	at Automation_Framework.ExcelTest.<init>(ExcelTest.java:27)
	at App_modules.MD04_Draw_Flow.<init>(MD04_Draw_Flow.java:26)
	at Automation_Framework.ExcelTest.<init>(ExcelTest.java:27)
	at App_modules.MD04_Draw_Flow.<init>(MD04_Draw_Flow.java:26)
	at Automation_Framework.ExcelTest.<init>(ExcelTest.java:27)
	at App_modules.MD04_Draw_Flow.<init>(MD04_Draw_Flow.java:26)
	at Automation_Framework.ExcelTest.<init>(ExcelTest.java:27)
	at App_modules.MD04_Draw_Flow.<init>(MD04_Draw_Flow.java:26)
	at Automation_Framework.ExcelTest.<init>(ExcelTest.java:27)
	at App_modules.MD04_Draw_Flow.<init>(MD04_Draw_Flow.java:26)
	at Automation_Framework.ExcelTest.<init>(ExcelTest.java:27)
	at App_modules.MD04_Draw_Flow.<init>(MD04_Draw_Flow.java:26)
	at Automation_Framework.ExcelTest.<init>(ExcelTest.java:27)
	at App_modules.MD04_Draw_Flow.<init>(MD04_Draw_Flow.java:26)
	at Automation_Framework.ExcelTest.<init>(ExcelTest.java:27)
	at App_modules.MD04_Draw_Flow.<init>(MD04_Draw_Flow.java:26)
	at Automation_Framework.ExcelTest.<init>(ExcelTest.java:27)
	at App_modules.MD04_Draw_Flow.<init>(MD04_Draw_Flow.java:26)
	at Automation_Framework.ExcelTest.<init>(ExcelTest.java:27)
	at App_modules.MD04_Draw_Flow.<init>(MD04_Draw_Flow.java:26)
	at Automation_Framework.ExcelTest.<init>(ExcelTest.java:27)
	at App_modules.MD04_Draw_Flow.<init>(MD04_Draw_Flow.java:26)
	at Automation_Framework.ExcelTest.<init>(ExcelTest.java:27)
	at App_modules.MD04_Draw_Flow.<init>(MD04_Draw_Flow.java:26)
	at Automation_Framework.ExcelTest.<init>(ExcelTest.java:27)
	at App_modules.MD04_Draw_Flow.<init>(MD04_Draw_Flow.java:26)
	at Automation_Framework.ExcelTest.<init>(ExcelTest.java:27)
	at App_modules.MD04_Draw_Flow.<init>(MD04_Draw_Flow.java:26)
	at Automation_Framework.ExcelTest.<init>(ExcelTest.java:27)
	at App_modules.MD04_Draw_Flow.<init>(MD04_Draw_Flow.java:26)
	at Automation_Framework.ExcelTest.<init>(ExcelTest.java:27)
	at App_modules.MD04_Draw_Flow.<init>(MD04_Draw_Flow.java:26)
	at Automation_Framework.ExcelTest.<init>(ExcelTest.java:27)
	at App_modules.MD04_Draw_Flow.<init>(MD04_Draw_Flow.java:26)
	at Automation_Framework.ExcelTest.<init>(ExcelTest.java:27)
	at App_modules.MD04_Draw_Flow.<init>(MD04_Draw_Flow.java:26)
	at Automation_Framework.ExcelTest.<init>(ExcelTest.java:27)
	at App_modules.MD04_Draw_Flow.<init>(MD04_Draw_Flow.java:26)
	at Automation_Framework.ExcelTest.<init>(ExcelTest.java:27)
	at App_modules.MD04_Draw_Flow.<init>(MD04_Draw_Flow.java:26)
	at Automation_Framework.ExcelTest.<init>(ExcelTest.java:27)
	at App_modules.MD04_Draw_Flow.<init>(MD04_Draw_Flow.java:26)
	at Automation_Framework.ExcelTest.<init>(ExcelTest.java:27)
	at App_modules.MD04_Draw_Flow.<init>(MD04_Draw_Flow.java:26)
	at Automation_Framework.ExcelTest.<init>(ExcelTest.java:27)
	at App_modules.MD04_Draw_Flow.<init>(MD04_Draw_Flow.java:26)
	at Automation_Framework.ExcelTest.<init>(ExcelTest.java:27)
	at App_modules.MD04_Draw_Flow.<init>(MD04_Draw_Flow.java:26)
	at Automation_Framework.ExcelTest.<init>(ExcelTest.java:27)
	at App_modules.MD04_Draw_Flow.<init>(MD04_Draw_Flow.java:26)
	at Automation_Framework.ExcelTest.<init>(ExcelTest.java:27)
	at App_modules.MD04_Draw_Flow.<init>(MD04_Draw_Flow.java:26)
	at Automation_Framework.ExcelTest.<init>(ExcelTest.java:27)
	at App_modules.MD04_Draw_Flow.<init>(MD04_Draw_Flow.java:26)
	at Automation_Framework.ExcelTest.<init>(ExcelTest.java:27)
	at App_modules.MD04_Draw_Flow.<init>(MD04_Draw_Flow.java:26)
	at Automation_Framework.ExcelTest.<init>(ExcelTest.java:27)
	at App_modules.MD04_Draw_Flow.<init>(MD04_Draw_Flow.java:26)
	at Automation_Framework.ExcelTest.<init>(ExcelTest.java:27)
	at App_modules.MD04_Draw_Flow.<init>(MD04_Draw_Flow.java:26)
	at Automation_Framework.ExcelTest.<init>(ExcelTest.java:27)
	at App_modules.MD04_Draw_Flow.<init>(MD04_Draw_Flow.java:26)
	at Automation_Framework.ExcelTest.<init>(ExcelTest.java:27)
	at App_modules.MD04_Draw_Flow.<init>(MD04_Draw_Flow.java:26)
	at Automation_Framework.ExcelTest.<init>(ExcelTest.java:27)
	at App_modules.MD04_Draw_Flow.<init>(MD04_Draw_Flow.java:26)
	at Automation_Framework.ExcelTest.<init>(ExcelTest.java:27)
	at App_modules.MD04_Draw_Flow.<init>(MD04_Draw_Flow.java:26)
	at Automation_Framework.ExcelTest.<init>(ExcelTest.java:27)
	at App_modules.MD04_Draw_Flow.<init>(MD04_Draw_Flow.java:26)
	at Automation_Framework.ExcelTest.<init>(ExcelTest.java:27)
	at App_modules.MD04_Draw_Flow.<init>(MD04_Draw_Flow.java:26)
	at Automation_Framework.ExcelTest.<init>(ExcelTest.java:27)
	at App_modules.MD04_Draw_Flow.<init>(MD04_Draw_Flow.java:26)
	at Automation_Framework.ExcelTest.<init>(ExcelTest.java:27)
	at App_modules.MD04_Draw_Flow.<init>(MD04_Draw_Flow.java:26)
	at Automation_Framework.ExcelTest.<init>(ExcelTest.java:27)
	at App_modules.MD04_Draw_Flow.<init>(MD04_Draw_Flow.java:26)
	at Automation_Framework.ExcelTest.<init>(ExcelTest.java:27)
	at App_modules.MD04_Draw_Flow.<init>(MD04_Draw_Flow.java:26)
	at Automation_Framework.ExcelTest.<init>(ExcelTest.java:27)
	at App_modules.MD04_Draw_Flow.<init>(MD04_Draw_Flow.java:26)
	at Automation_Framework.ExcelTest.<init>(ExcelTest.java:27)
	at App_modules.MD04_Draw_Flow.<init>(MD04_Draw_Flow.java:26)
	at Automation_Framework.ExcelTest.<init>(ExcelTest.java:27)
	at App_modules.MD04_Draw_Flow.<init>(MD04_Draw_Flow.java:26)
	at Automation_Framework.ExcelTest.<init>(ExcelTest.java:27)
	at App_modules.MD04_Draw_Flow.<init>(MD04_Draw_Flow.java:26)
	at Automation_Framework.ExcelTest.<init>(ExcelTest.java:27)
	at App_modules.MD04_Draw_Flow.<init>(MD04_Draw_Flow.java:26)
	at Automation_Framework.ExcelTest.<init>(ExcelTest.java:27)
	at App_modules.MD04_Draw_Flow.<init>(MD04_Draw_Flow.java:26)
	at Automation_Framework.ExcelTest.<init>(ExcelTest.java:27)
	at App_modules.MD04_Draw_Flow.<init>(MD04_Draw_Flow.java:26)
	at Automation_Framework.ExcelTest.<init>(ExcelTest.java:27)
	at App_modules.MD04_Draw_Flow.<init>(MD04_Draw_Flow.java:26)
	at Automation_Framework.ExcelTest.<init>(ExcelTest.java:27)
	at App_modules.MD04_Draw_Flow.<init>(MD04_Draw_Flow.java:26)
	at Automation_Framework.ExcelTest.<init>(ExcelTest.java:27)
	at App_modules.MD04_Draw_Flow.<init>(MD04_Draw_Flow.java:26)
	at Automation_Framework.ExcelTest.<init>(ExcelTest.java:27)
	at App_modules.MD04_Draw_Flow.<init>(MD04_Draw_Flow.java:26)
	at Automation_Framework.ExcelTest.<init>(ExcelTest.java:27)
	at App_modules.MD04_Draw_Flow.<init>(MD04_Draw_Flow.java:26)
	at Automation_Framework.ExcelTest.<init>(ExcelTest.java:27)
	at App_modules.MD04_Draw_Flow.<init>(MD04_Draw_Flow.java:26)
	at Automation_Framework.ExcelTest.<init>(ExcelTest.java:27)
	at App_modules.MD04_Draw_Flow.<init>(MD04_Draw_Flow.java:26)
	at Automation_Framework.ExcelTest.<init>(ExcelTest.java:27)
	at App_modules.MD04_Draw_Flow.<init>(MD04_Draw_Flow.java:26)
	at Automation_Framework.ExcelTest.<init>(ExcelTest.java:27)
	at App_modules.MD04_Draw_Flow.<init>(MD04_Draw_Flow.java:26)
	at Automation_Framework.ExcelTest.<init>(ExcelTest.java:27)
	at App_modules.MD04_Draw_Flow.<init>(MD04_Draw_Flow.java:26)
	at Automation_Framework.ExcelTest.<init>(ExcelTest.java:27)
	at App_modules.MD04_Draw_Flow.<init>(MD04_Draw_Flow.java:26)
	at Automation_Framework.ExcelTest.<init>(ExcelTest.java:27)
	at App_modules.MD04_Draw_Flow.<init>(MD04_Draw_Flow.java:26)
	at Automation_Framework.ExcelTest.<init>(ExcelTest.java:27)
	at App_modules.MD04_Draw_Flow.<init>(MD04_Draw_Flow.java:26)
	at Automation_Framework.ExcelTest.<init>(ExcelTest.java:27)
	at App_modules.MD04_Draw_Flow.<init>(MD04_Draw_Flow.java:26)
	at Automation_Framework.ExcelTest.<init>(ExcelTest.java:27)
	at App_modules.MD04_Draw_Flow.<init>(MD04_Draw_Flow.java:26)
	at Automation_Framework.ExcelTest.<init>(ExcelTest.java:27)
	at App_modules.MD04_Draw_Flow.<init>(MD04_Draw_Flow.java:26)
	at Automation_Framework.ExcelTest.<init>(ExcelTest.java:27)
	at App_modules.MD04_Draw_Flow.<init>(MD04_Draw_Flow.java:26)
	at Automation_Framework.ExcelTest.<init>(ExcelTest.java:27)
	at App_modules.MD04_Draw_Flow.<init>(MD04_Draw_Flow.java:26)
	at Automation_Framework.ExcelTest.<init>(ExcelTest.java:27)
	at App_modules.MD04_Draw_Flow.<init>(MD04_Draw_Flow.java:26)
	at Automation_Framework.ExcelTest.<init>(ExcelTest.java:27)
	at App_modules.MD04_Draw_Flow.<init>(MD04_Draw_Flow.java:26)
	at Automation_Framework.ExcelTest.<init>(ExcelTest.java:27)
	at App_modules.MD04_Draw_Flow.<init>(MD04_Draw_Flow.java:26)
	at Automation_Framework.ExcelTest.<init>(ExcelTest.java:27)
	at App_modules.MD04_Draw_Flow.<init>(MD04_Draw_Flow.java:26)
	at Automation_Framework.ExcelTest.<init>(ExcelTest.java:27)
	at App_modules.MD04_Draw_Flow.<init>(MD04_Draw_Flow.java:26)
	at Automation_Framework.ExcelTest.<init>(ExcelTest.java:27)
	at App_modules.MD04_Draw_Flow.<init>(MD04_Draw_Flow.java:26)
	at Automation_Framework.ExcelTest.<init>(ExcelTest.java:27)
	at App_modules.MD04_Draw_Flow.<init>(MD04_Draw_Flow.java:26)
	at Automation_Framework.ExcelTest.<init>(ExcelTest.java:27)
	at App_modules.MD04_Draw_Flow.<init>(MD04_Draw_Flow.java:26)
	at Automation_Framework.ExcelTest.<init>(ExcelTest.java:27)
	at App_modules.MD04_Draw_Flow.<init>(MD04_Draw_Flow.java:26)
	at Automation_Framework.ExcelTest.<init>(ExcelTest.java:27)
	at App_modules.MD04_Draw_Flow.<init>(MD04_Draw_Flow.java:26)
	at Automation_Framework.ExcelTest.<init>(ExcelTest.java:27)
	at App_modules.MD04_Draw_Flow.<init>(MD04_Draw_Flow.java:26)
	at Automation_Framework.ExcelTest.<init>(ExcelTest.java:27)
	at App_modules.MD04_Draw_Flow.<init>(MD04_Draw_Flow.java:26)
	at Automation_Framework.ExcelTest.<init>(ExcelTest.java:27)
	at App_modules.MD04_Draw_Flow.<init>(MD04_Draw_Flow.java:26)
	at Automation_Framework.ExcelTest.<init>(ExcelTest.java:27)
	at App_modules.MD04_Draw_Flow.<init>(MD04_Draw_Flow.java:26)
	at Automation_Framework.ExcelTest.<init>(ExcelTest.java:27)
	at App_modules.MD04_Draw_Flow.<init>(MD04_Draw_Flow.java:26)
	at Automation_Framework.ExcelTest.<init>(ExcelTest.java:27)
	at App_modules.MD04_Draw_Flow.<init>(MD04_Draw_Flow.java:26)
	at Automation_Framework.ExcelTest.<init>(ExcelTest.java:27)
	at App_modules.MD04_Draw_Flow.<init>(MD04_Draw_Flow.java:26)
	at Automation_Framework.ExcelTest.<init>(ExcelTest.java:27)
	at App_modules.MD04_Draw_Flow.<init>(MD04_Draw_Flow.java:26)
	at Automation_Framework.ExcelTest.<init>(ExcelTest.java:27)
	at App_modules.MD04_Draw_Flow.<init>(MD04_Draw_Flow.java:26)
	at Automation_Framework.ExcelTest.<init>(ExcelTest.java:27)
	at App_modules.MD04_Draw_Flow.<init>(MD04_Draw_Flow.java:26)
	at Automation_Framework.ExcelTest.<init>(ExcelTest.java:27)
	at App_modules.MD04_Draw_Flow.<init>(MD04_Draw_Flow.java:26)
	at Automation_Framework.ExcelTest.<init>(ExcelTest.java:27)
	at App_modules.MD04_Draw_Flow.<init>(MD04_Draw_Flow.java:26)
	at Automation_Framework.ExcelTest.<init>(ExcelTest.java:27)
	at App_modules.MD04_Draw_Flow.<init>(MD04_Draw_Flow.java:26)
	at Automation_Framework.ExcelTest.<init>(ExcelTest.java:27)
	at App_modules.MD04_Draw_Flow.<init>(MD04_Draw_Flow.java:26)
	at Automation_Framework.ExcelTest.<init>(ExcelTest.java:27)
	at App_modules.MD04_Draw_Flow.<init>(MD04_Draw_Flow.java:26)
	at Automation_Framework.ExcelTest.<init>(ExcelTest.java:27)
	at App_modules.MD04_Draw_Flow.<init>(MD04_Draw_Flow.java:26)
	at Automation_Framework.ExcelTest.<init>(ExcelTest.java:27)
	at App_modules.MD04_Draw_Flow.<init>(MD04_Draw_Flow.java:26)
	at Automation_Framework.ExcelTest.<init>(ExcelTest.java:27)
	at App_modules.MD04_Draw_Flow.<init>(MD04_Draw_Flow.java:26)
	at Automation_Framework.ExcelTest.<init>(ExcelTest.java:27)
	at App_modules.MD04_Draw_Flow.<init>(MD04_Draw_Flow.java:26)
	at Automation_Framework.ExcelTest.<init>(ExcelTest.java:27)
	at App_modules.MD04_Draw_Flow.<init>(MD04_Draw_Flow.java:26)
	at Automation_Framework.ExcelTest.<init>(ExcelTest.java:27)
	at App_modules.MD04_Draw_Flow.<init>(MD04_Draw_Flow.java:26)
	at Automation_Framework.ExcelTest.<init>(ExcelTest.java:27)
	at App_modules.MD04_Draw_Flow.<init>(MD04_Draw_Flow.java:26)
	at Automation_Framework.ExcelTest.<init>(ExcelTest.java:27)
	at App_modules.MD04_Draw_Flow.<init>(MD04_Draw_Flow.java:26)
	at Automation_Framework.ExcelTest.<init>(ExcelTest.java:27)
	at App_modules.MD04_Draw_Flow.<init>(MD04_Draw_Flow.java:26)
	at Automation_Framework.ExcelTest.<init>(ExcelTest.java:27)
	at App_modules.MD04_Draw_Flow.<init>(MD04_Draw_Flow.java:26)
	at Automation_Framework.ExcelTest.<init>(ExcelTest.java:27)
	at App_modules.MD04_Draw_Flow.<init>(MD04_Draw_Flow.java:26)
	at Automation_Framework.ExcelTest.<init>(ExcelTest.java:27)
	at App_modules.MD04_Draw_Flow.<init>(MD04_Draw_Flow.java:26)
	at Automation_Framework.ExcelTest.<init>(ExcelTest.java:27)
	at App_modules.MD04_Draw_Flow.<init>(MD04_Draw_Flow.java:26)
	at Automation_Framework.ExcelTest.<init>(ExcelTest.java:27)
	at App_modules.MD04_Draw_Flow.<init>(MD04_Draw_Flow.java:26)
	at Automation_Framework.ExcelTest.<init>(ExcelTest.java:27)
	at App_modules.MD04_Draw_Flow.<init>(MD04_Draw_Flow.java:26)
	at Automation_Framework.ExcelTest.<init>(ExcelTest.java:27)
	at App_modules.MD04_Draw_Flow.<init>(MD04_Draw_Flow.java:26)
	at Automation_Framework.ExcelTest.<init>(ExcelTest.java:27)
	at App_modules.MD04_Draw_Flow.<init>(MD04_Draw_Flow.java:26)
	at Automation_Framework.ExcelTest.<init>(ExcelTest.java:27)
	at App_modules.MD04_Draw_Flow.<init>(MD04_Draw_Flow.java:26)
	at Automation_Framework.ExcelTest.<init>(ExcelTest.java:27)
	at App_modules.MD04_Draw_Flow.<init>(MD04_Draw_Flow.java:26)
	at Automation_Framework.ExcelTest.<init>(ExcelTest.java:27)
	at App_modules.MD04_Draw_Flow.<init>(MD04_Draw_Flow.java:26)
	at Automation_Framework.ExcelTest.<init>(ExcelTest.java:27)
	at App_modules.MD04_Draw_Flow.<init>(MD04_Draw_Flow.java:26)
	at Automation_Framework.ExcelTest.<init>(ExcelTest.java:27)
	at App_modules.MD04_Draw_Flow.<init>(MD04_Draw_Flow.java:26)
	at Automation_Framework.ExcelTest.<init>(ExcelTest.java:27)
	at App_modules.MD04_Draw_Flow.<init>(MD04_Draw_Flow.java:26)
	at Automation_Framework.ExcelTest.<init>(ExcelTest.java:27)
	at App_modules.MD04_Draw_Flow.<init>(MD04_Draw_Flow.java:26)
	at Automation_Framework.ExcelTest.<init>(ExcelTest.java:27)
	at App_modules.MD04_Draw_Flow.<init>(MD04_Draw_Flow.java:26)
	at Automation_Framework.ExcelTest.<init>(ExcelTest.java:27)
	at App_modules.MD04_Draw_Flow.<init>(MD04_Draw_Flow.java:26)
	at Automation_Framework.ExcelTest.<init>(ExcelTest.java:27)
	at App_modules.MD04_Draw_Flow.<init>(MD04_Draw_Flow.java:26)
	at Automation_Framework.ExcelTest.<init>(ExcelTest.java:27)
	at App_modules.MD04_Draw_Flow.<init>(MD04_Draw_Flow.java:26)
	at Automation_Framework.ExcelTest.<init>(ExcelTest.java:27)
	at App_modules.MD04_Draw_Flow.<init>(MD04_Draw_Flow.java:26)
	at Automation_Framework.ExcelTest.<init>(ExcelTest.java:27)
	at App_modules.MD04_Draw_Flow.<init>(MD04_Draw_Flow.java:26)
	at Automation_Framework.ExcelTest.<init>(ExcelTest.java:27)
	at App_modules.MD04_Draw_Flow.<init>(MD04_Draw_Flow.java:26)
	at Automation_Framework.ExcelTest.<init>(ExcelTest.java:27)
	at App_modules.MD04_Draw_Flow.<init>(MD04_Draw_Flow.java:26)
	at Automation_Framework.ExcelTest.<init>(ExcelTest.java:27)
	at App_modules.MD04_Draw_Flow.<init>(MD04_Draw_Flow.java:26)
	at Automation_Framework.ExcelTest.<init>(ExcelTest.java:27)
	at App_modules.MD04_Draw_Flow.<init>(MD04_Draw_Flow.java:26)
	at Automation_Framework.ExcelTest.<init>(ExcelTest.java:27)
	at App_modules.MD04_Draw_Flow.<init>(MD04_Draw_Flow.java:26)
	at Automation_Framework.ExcelTest.<init>(ExcelTest.java:27)
	at App_modules.MD04_Draw_Flow.<init>(MD04_Draw_Flow.java:26)
	at Automation_Framework.ExcelTest.<init>(ExcelTest.java:27)
	at App_modules.MD04_Draw_Flow.<init>(MD04_Draw_Flow.java:26)
	at Automation_Framework.ExcelTest.<init>(ExcelTest.java:27)
	at App_modules.MD04_Draw_Flow.<init>(MD04_Draw_Flow.java:26)
	at Automation_Framework.ExcelTest.<init>(ExcelTest.java:27)
	at App_modules.MD04_Draw_Flow.<init>(MD04_Draw_Flow.java:26)
	at Automation_Framework.ExcelTest.<init>(ExcelTest.java:27)
	at App_modules.MD04_Draw_Flow.<init>(MD04_Draw_Flow.java:26)
	at Automation_Framework.ExcelTest.<init>(ExcelTest.java:27)
	at App_modules.MD04_Draw_Flow.<init>(MD04_Draw_Flow.java:26)
	at Automation_Framework.ExcelTest.<init>(ExcelTest.java:27)
	at App_modules.MD04_Draw_Flow.<init>(MD04_Draw_Flow.java:26)
	at Automation_Framework.ExcelTest.<init>(ExcelTest.java:27)
	at App_modules.MD04_Draw_Flow.<init>(MD04_Draw_Flow.java:26)
	at Automation_Framework.ExcelTest.<init>(ExcelTest.java:27)
	at App_modules.MD04_Draw_Flow.<init>(MD04_Draw_Flow.java:26)
	at Automation_Framework.ExcelTest.<init>(ExcelTest.java:27)
	at App_modules.MD04_Draw_Flow.<init>(MD04_Draw_Flow.java:26)
	at Automation_Framework.ExcelTest.<init>(ExcelTest.java:27)
	at App_modules.MD04_Draw_Flow.<init>(MD04_Draw_Flow.java:26)
	at Automation_Framework.ExcelTest.<init>(ExcelTest.java:27)
	at App_modules.MD04_Draw_Flow.<init>(MD04_Draw_Flow.java:26)
	at Automation_Framework.ExcelTest.<init>(ExcelTest.java:27)
	at App_modules.MD04_Draw_Flow.<init>(MD04_Draw_Flow.java:26)
	at Automation_Framework.ExcelTest.<init>(ExcelTest.java:27)
	at App_modules.MD04_Draw_Flow.<init>(MD04_Draw_Flow.java:26)
	at Automation_Framework.ExcelTest.<init>(ExcelTest.java:27)
	at App_modules.MD04_Draw_Flow.<init>(MD04_Draw_Flow.java:26)
	at Automation_Framework.ExcelTest.<init>(ExcelTest.java:27)
	at App_modules.MD04_Draw_Flow.<init>(MD04_Draw_Flow.java:26)
	at Automation_Framework.ExcelTest.<init>(ExcelTest.java:27)
	at App_modules.MD04_Draw_Flow.<init>(MD04_Draw_Flow.java:26)
	at Automation_Framework.ExcelTest.<init>(ExcelTest.java:27)
	at App_modules.MD04_Draw_Flow.<init>(MD04_Draw_Flow.java:26)
	at Automation_Framework.ExcelTest.<init>(ExcelTest.java:27)
	at App_modules.MD04_Draw_Flow.<init>(MD04_Draw_Flow.java:26)
	at Automation_Framework.ExcelTest.<init>(ExcelTest.java:27)
	at App_modules.MD04_Draw_Flow.<init>(MD04_Draw_Flow.java:26)
	at Automation_Framework.ExcelTest.<init>(ExcelTest.java:27)
	at App_modules.MD04_Draw_Flow.<init>(MD04_Draw_Flow.java:26)
	at Automation_Framework.ExcelTest.<init>(ExcelTest.java:27)
	at App_modules.MD04_Draw_Flow.<init>(MD04_Draw_Flow.java:26)
	at Automation_Framework.ExcelTest.<init>(ExcelTest.java:27)
	at App_modules.MD04_Draw_Flow.<init>(MD04_Draw_Flow.java:26)
	at Automation_Framework.ExcelTest.<init>(ExcelTest.java:27)
	at App_modules.MD04_Draw_Flow.<init>(MD04_Draw_Flow.java:26)
	at Automation_Framework.ExcelTest.<init>(ExcelTest.java:27)
	at App_modules.MD04_Draw_Flow.<init>(MD04_Draw_Flow.java:26)
	at Automation_Framework.ExcelTest.<init>(ExcelTest.java:27)
	at App_modules.MD04_Draw_Flow.<init>(MD04_Draw_Flow.java:26)
	at Automation_Framework.ExcelTest.<init>(ExcelTest.java:27)
	at App_modules.MD04_Draw_Flow.<init>(MD04_Draw_Flow.java:26)
	at Automation_Framework.ExcelTest.<init>(ExcelTest.java:27)
	at App_modules.MD04_Draw_Flow.<init>(MD04_Draw_Flow.java:26)
	at Automation_Framework.ExcelTest.<init>(ExcelTest.java:27)
	at App_modules.MD04_Draw_Flow.<init>(MD04_Draw_Flow.java:26)
	at Automation_Framework.ExcelTest.<init>(ExcelTest.java:27)
	at App_modules.MD04_Draw_Flow.<init>(MD04_Draw_Flow.java:26)
	at Automation_Framework.ExcelTest.<init>(ExcelTest.java:27)
	at App_modules.MD04_Draw_Flow.<init>(MD04_Draw_Flow.java:26)
	at Automation_Framework.ExcelTest.<init>(ExcelTest.java:27)
	at App_modules.MD04_Draw_Flow.<init>(MD04_Draw_Flow.java:26)
	at Automation_Framework.ExcelTest.<init>(ExcelTest.java:27)
	at App_modules.MD04_Draw_Flow.<init>(MD04_Draw_Flow.java:26)
	at Automation_Framework.ExcelTest.<init>(ExcelTest.java:27)
	at App_modules.MD04_Draw_Flow.<init>(MD04_Draw_Flow.java:26)
	at Automation_Framework.ExcelTest.<init>(ExcelTest.java:27)
	at App_modules.MD04_Draw_Flow.<init>(MD04_Draw_Flow.java:26)
	at Automation_Framework.ExcelTest.<init>(ExcelTest.java:27)
	at App_modules.MD04_Draw_Flow.<init>(MD04_Draw_Flow.java:26)
	at Automation_Framework.ExcelTest.<init>(ExcelTest.java:27)
	at App_modules.MD04_Draw_Flow.<init>(MD04_Draw_Flow.java:26)
	at Automation_Framework.ExcelTest.<init>(ExcelTest.java:27)
	at App_modules.MD04_Draw_Flow.<init>(MD04_Draw_Flow.java:26)
	at Automation_Framework.ExcelTest.<init>(ExcelTest.java:27)
	at App_modules.MD04_Draw_Flow.<init>(MD04_Draw_Flow.java:26)
	at Automation_Framework.ExcelTest.<init>(ExcelTest.java:27)
	at App_modules.MD04_Draw_Flow.<init>(MD04_Draw_Flow.java:26)
	at Automation_Framework.ExcelTest.<init>(ExcelTest.java:27)
	at App_modules.MD04_Draw_Flow.<init>(MD04_Draw_Flow.java:26)
	at Automation_Framework.ExcelTest.<init>(ExcelTest.java:27)
	at App_modules.MD04_Draw_Flow.<init>(MD04_Draw_Flow.java:26)
	at Automation_Framework.ExcelTest.<init>(ExcelTest.java:27)
	at App_modules.MD04_Draw_Flow.<init>(MD04_Draw_Flow.java:26)
	at Automation_Framework.ExcelTest.<init>(ExcelTest.java:27)
	at App_modules.MD04_Draw_Flow.<init>(MD04_Draw_Flow.java:26)
	at Automation_Framework.ExcelTest.<init>(ExcelTest.java:27)
	at App_modules.MD04_Draw_Flow.<init>(MD04_Draw_Flow.java:26)
	at Automation_Framework.ExcelTest.<init>(ExcelTest.java:27)
	at App_modules.MD04_Draw_Flow.<init>(MD04_Draw_Flow.java:26)
	at Automation_Framework.ExcelTest.<init>(ExcelTest.java:27)
	at App_modules.MD04_Draw_Flow.<init>(MD04_Draw_Flow.java:26)
	at Automation_Framework.ExcelTest.<init>(ExcelTest.java:27)
	at App_modules.MD04_Draw_Flow.<init>(MD04_Draw_Flow.java:26)
	at Automation_Framework.ExcelTest.<init>(ExcelTest.java:27)
	at App_modules.MD04_Draw_Flow.<init>(MD04_Draw_Flow.java:26)
	at Automation_Framework.ExcelTest.<init>(ExcelTest.java:27)
	at App_modules.MD04_Draw_Flow.<init>(MD04_Draw_Flow.java:26)
	at Automation_Framework.ExcelTest.<init>(ExcelTest.java:27)
	at App_modules.MD04_Draw_Flow.<init>(MD04_Draw_Flow.java:26)
	at Automation_Framework.ExcelTest.<init>(ExcelTest.java:27)
	at App_modules.MD04_Draw_Flow.<init>(MD04_Draw_Flow.java:26)
	at Automation_Framework.ExcelTest.<init>(ExcelTest.java:27)
	at App_modules.MD04_Draw_Flow.<init>(MD04_Draw_Flow.java:26)
	at Automation_Framework.ExcelTest.<init>(ExcelTest.java:27)
	at App_modules.MD04_Draw_Flow.<init>(MD04_Draw_Flow.java:26)
	at Automation_Framework.ExcelTest.<init>(ExcelTest.java:27)
	at App_modules.MD04_Draw_Flow.<init>(MD04_Draw_Flow.java:26)
	at Automation_Framework.ExcelTest.<init>(ExcelTest.java:27)
	at App_modules.MD04_Draw_Flow.<init>(MD04_Draw_Flow.java:26)
	at Automation_Framework.ExcelTest.<init>(ExcelTest.java:27)
	at App_modules.MD04_Draw_Flow.<init>(MD04_Draw_Flow.java:26)
	at Automation_Framework.ExcelTest.<init>(ExcelTest.java:27)
	at App_modules.MD04_Draw_Flow.<init>(MD04_Draw_Flow.java:26)
	at Automation_Framework.ExcelTest.<init>(ExcelTest.java:27)
	at App_modules.MD04_Draw_Flow.<init>(MD04_Draw_Flow.java:26)
	at Automation_Framework.ExcelTest.<init>(ExcelTest.java:27)
	at App_modules.MD04_Draw_Flow.<init>(MD04_Draw_Flow.java:26)
	at Automation_Framework.ExcelTest.<init>(ExcelTest.java:27)
	at App_modules.MD04_Draw_Flow.<init>(MD04_Draw_Flow.java:26)
	at Automation_Framework.ExcelTest.<init>(ExcelTest.java:27)
	at App_modules.MD04_Draw_Flow.<init>(MD04_Draw_Flow.java:26)
	at Automation_Framework.ExcelTest.<init>(ExcelTest.java:27)
	at App_modules.MD04_Draw_Flow.<init>(MD04_Draw_Flow.java:26)
	at Automation_Framework.ExcelTest.<init>(ExcelTest.java:27)
	at App_modules.MD04_Draw_Flow.<init>(MD04_Draw_Flow.java:26)
	at Automation_Framework.ExcelTest.<init>(ExcelTest.java:27)
	at App_modules.MD04_Draw_Flow.<init>(MD04_Draw_Flow.java:26)
	at Automation_Framework.ExcelTest.<init>(ExcelTest.java:27)
	at App_modules.MD04_Draw_Flow.<init>(MD04_Draw_Flow.java:26)
	at Automation_Framework.ExcelTest.<init>(ExcelTest.java:27)
	at App_modules.MD04_Draw_Flow.<init>(MD04_Draw_Flow.java:26)
	at Automation_Framework.ExcelTest.<init>(ExcelTest.java:27)
	at App_modules.MD04_Draw_Flow.<init>(MD04_Draw_Flow.java:26)
	at Automation_Framework.ExcelTest.<init>(ExcelTest.java:27)
	at App_modules.MD04_Draw_Flow.<init>(MD04_Draw_Flow.java:26)
	at Automation_Framework.ExcelTest.<init>(ExcelTest.java:27)
	at App_modules.MD04_Draw_Flow.<init>(MD04_Draw_Flow.java:26)
	at Automation_Framework.ExcelTest.<init>(ExcelTest.java:27)
	at App_modules.MD04_Draw_Flow.<init>(MD04_Draw_Flow.java:26)
	at Automation_Framework.ExcelTest.<init>(ExcelTest.java:27)
	at App_modules.MD04_Draw_Flow.<init>(MD04_Draw_Flow.java:26)
	at Automation_Framework.ExcelTest.<init>(ExcelTest.java:27)
	at App_modules.MD04_Draw_Flow.<init>(MD04_Draw_Flow.java:26)
	at Automation_Framework.ExcelTest.<init>(ExcelTest.java:27)
	at App_modules.MD04_Draw_Flow.<init>(MD04_Draw_Flow.java:26)
	at Automation_Framework.ExcelTest.<init>(ExcelTest.java:27)
	at App_modules.MD04_Draw_Flow.<init>(MD04_Draw_Flow.java:26)
	at Automation_Framework.ExcelTest.<init>(ExcelTest.java:27)
	at App_modules.MD04_Draw_Flow.<init>(MD04_Draw_Flow.java:26)
	at Automation_Framework.ExcelTest.<init>(ExcelTest.java:27)
	at App_modules.MD04_Draw_Flow.<init>(MD04_Draw_Flow.java:26)
	at Automation_Framework.ExcelTest.<init>(ExcelTest.java:27)
	at App_modules.MD04_Draw_Flow.<init>(MD04_Draw_Flow.java:26)
	at Automation_Framework.ExcelTest.<init>(ExcelTest.java:27)
	at App_modules.MD04_Draw_Flow.<init>(MD04_Draw_Flow.java:26)
	at Automation_Framework.ExcelTest.<init>(ExcelTest.java:27)
	at App_modules.MD04_Draw_Flow.<init>(MD04_Draw_Flow.java:26)
	at Automation_Framework.ExcelTest.<init>(ExcelTest.java:27)
	at App_modules.MD04_Draw_Flow.<init>(MD04_Draw_Flow.java:26)
	at Automation_Framework.ExcelTest.<init>(ExcelTest.java:27)
	at App_modules.MD04_Draw_Flow.<init>(MD04_Draw_Flow.java:26)
	at Automation_Framework.ExcelTest.<init>(ExcelTest.java:27)
	at App_modules.MD04_Draw_Flow.<init>(MD04_Draw_Flow.java:26)
	at Automation_Framework.ExcelTest.<init>(ExcelTest.java:27)
	at App_modules.MD04_Draw_Flow.<init>(MD04_Draw_Flow.java:26)
	at Automation_Framework.ExcelTest.<init>(ExcelTest.java:27)
	at App_modules.MD04_Draw_Flow.<init>(MD04_Draw_Flow.java:26)
	at Automation_Framework.ExcelTest.<init>(ExcelTest.java:27)
	at App_modules.MD04_Draw_Flow.<init>(MD04_Draw_Flow.java:26)
	at Automation_Framework.ExcelTest.<init>(ExcelTest.java:27)
	at App_modules.MD04_Draw_Flow.<init>(MD04_Draw_Flow.java:26)
	at Automation_Framework.ExcelTest.<init>(ExcelTest.java:27)
	at App_modules.MD04_Draw_Flow.<init>(MD04_Draw_Flow.java:26)
	at Automation_Framework.ExcelTest.<init>(ExcelTest.java:27)
	at App_modules.MD04_Draw_Flow.<init>(MD04_Draw_Flow.java:26)
	at Automation_Framework.ExcelTest.<init>(ExcelTest.java:27)
	at App_modules.MD04_Draw_Flow.<init>(MD04_Draw_Flow.java:26)
	at Automation_Framework.ExcelTest.<init>(ExcelTest.java:27)
	at App_modules.MD04_Draw_Flow.<init>(MD04_Draw_Flow.java:26)
	at Automation_Framework.ExcelTest.<init>(ExcelTest.java:27)
	at App_modules.MD04_Draw_Flow.<init>(MD04_Draw_Flow.java:26)
	at Automation_Framework.ExcelTest.<init>(ExcelTest.java:27)
	at App_modules.MD04_Draw_Flow.<init>(MD04_Draw_Flow.java:26)
	at Automation_Framework.ExcelTest.<init>(ExcelTest.java:27)
	at App_modules.MD04_Draw_Flow.<init>(MD04_Draw_Flow.java:26)
	at Automation_Framework.ExcelTest.<init>(ExcelTest.java:27)
	at App_modules.MD04_Draw_Flow.<init>(MD04_Draw_Flow.java:26)
	at Automation_Framework.ExcelTest.<init>(ExcelTest.java:27)
	at App_modules.MD04_Draw_Flow.<init>(MD04_Draw_Flow.java:26)
	at Automation_Framework.ExcelTest.<init>(ExcelTest.java:27)
	at App_modules.MD04_Draw_Flow.<init>(MD04_Draw_Flow.java:26)
	at Automation_Framework.ExcelTest.<init>(ExcelTest.java:27)
	at App_modules.MD04_Draw_Flow.<init>(MD04_Draw_Flow.java:26)
	at Automation_Framework.ExcelTest.<init>(ExcelTest.java:27)
	at App_modules.MD04_Draw_Flow.<init>(MD04_Draw_Flow.java:26)
	at Automation_Framework.ExcelTest.<init>(ExcelTest.java:27)
	at App_modules.MD04_Draw_Flow.<init>(MD04_Draw_Flow.java:26)
	at Automation_Framework.ExcelTest.<init>(ExcelTest.java:27)
	at App_modules.MD04_Draw_Flow.<init>(MD04_Draw_Flow.java:26)
	at Automation_Framework.ExcelTest.<init>(ExcelTest.java:27)
	at App_modules.MD04_Draw_Flow.<init>(MD04_Draw_Flow.java:26)
	at Automation_Framework.ExcelTest.<init>(ExcelTest.java:27)
	at App_modules.MD04_Draw_Flow.<init>(MD04_Draw_Flow.java:26)
	at Automation_Framework.ExcelTest.<init>(ExcelTest.java:27)
	at App_modules.MD04_Draw_Flow.<init>(MD04_Draw_Flow.java:26)
	at Automation_Framework.ExcelTest.<init>(ExcelTest.java:27)
	at App_modules.MD04_Draw_Flow.<init>(MD04_Draw_Flow.java:26)
	at Automation_Framework.ExcelTest.<init>(ExcelTest.java:27)
	at App_modules.MD04_Draw_Flow.<init>(MD04_Draw_Flow.java:26)
	at Automation_Framework.ExcelTest.<init>(ExcelTest.java:27)
	at App_modules.MD04_Draw_Flow.<init>(MD04_Draw_Flow.java:26)
	at Automation_Framework.ExcelTest.<init>(ExcelTest.java:27)
	at App_modules.MD04_Draw_Flow.<init>(MD04_Draw_Flow.java:26)
	at Automation_Framework.ExcelTest.<init>(ExcelTest.java:27)
	at App_modules.MD04_Draw_Flow.<init>(MD04_Draw_Flow.java:26)
	at Automation_Framework.ExcelTest.<init>(ExcelTest.java:27)
	at App_modules.MD04_Draw_Flow.<init>(MD04_Draw_Flow.java:26)
	at Automation_Framework.ExcelTest.<init>(ExcelTest.java:27)
	at App_modules.MD04_Draw_Flow.<init>(MD04_Draw_Flow.java:26)
	at Automation_Framework.ExcelTest.<init>(ExcelTest.java:27)
	at App_modules.MD04_Draw_Flow.<init>(MD04_Draw_Flow.java:26)
	at Automation_Framework.ExcelTest.<init>(ExcelTest.java:27)
	at App_modules.MD04_Draw_Flow.<init>(MD04_Draw_Flow.java:26)
	at Automation_Framework.ExcelTest.<init>(ExcelTest.java:27)
	at App_modules.MD04_Draw_Flow.<init>(MD04_Draw_Flow.java:26)
	at Automation_Framework.ExcelTest.<init>(ExcelTest.java:27)
	at App_modules.MD04_Draw_Flow.<init>(MD04_Draw_Flow.java:26)
	at Automation_Framework.ExcelTest.<init>(ExcelTest.java:27)
	at App_modules.MD04_Draw_Flow.<init>(MD04_Draw_Flow.java:26)
	at Automation_Framework.ExcelTest.<init>(ExcelTest.java:27)
	at App_modules.MD04_Draw_Flow.<init>(MD04_Draw_Flow.java:26)
	at Automation_Framework.ExcelTest.<init>(ExcelTest.java:27)
	at App_modules.MD04_Draw_Flow.<init>(MD04_Draw_Flow.java:26)
	at Automation_Framework.ExcelTest.<init>(ExcelTest.java:27)
	at App_modules.MD04_Draw_Flow.<init>(MD04_Draw_Flow.java:26)
	at Automation_Framework.ExcelTest.<init>(ExcelTest.java:27)
	at App_modules.MD04_Draw_Flow.<init>(MD04_Draw_Flow.java:26)
	at Automation_Framework.ExcelTest.<init>(ExcelTest.java:27)
	at App_modules.MD04_Draw_Flow.<init>(MD04_Draw_Flow.java:26)
	at Automation_Framework.ExcelTest.<init>(ExcelTest.java:27)
	at App_modules.MD04_Draw_Flow.<init>(MD04_Draw_Flow.java:26)
	at Automation_Framework.ExcelTest.<init>(ExcelTest.java:27)
	at App_modules.MD04_Draw_Flow.<init>(MD04_Draw_Flow.java:26)
	at Automation_Framework.ExcelTest.<init>(ExcelTest.java:27)
	at App_modules.MD04_Draw_Flow.<init>(MD04_Draw_Flow.java:26)
	at Automation_Framework.ExcelTest.<init>(ExcelTest.java:27)
	at App_modules.MD04_Draw_Flow.<init>(MD04_Draw_Flow.java:26)
	at Automation_Framework.ExcelTest.<init>(ExcelTest.java:27)
	at App_modules.MD04_Draw_Flow.<init>(MD04_Draw_Flow.java:26)
	at Automation_Framework.ExcelTest.<init>(ExcelTest.java:27)
	at App_modules.MD04_Draw_Flow.<init>(MD04_Draw_Flow.java:26)
	at Automation_Framework.ExcelTest.<init>(ExcelTest.java:27)
	at App_modules.MD04_Draw_Flow.<init>(MD04_Draw_Flow.java:26)
	at Automation_Framework.ExcelTest.<init>(ExcelTest.java:27)
	at App_modules.MD04_Draw_Flow.<init>(MD04_Draw_Flow.java:26)
	at Automation_Framework.ExcelTest.<init>(ExcelTest.java:27)
	at App_modules.MD04_Draw_Flow.<init>(MD04_Draw_Flow.java:26)
	at Automation_Framework.ExcelTest.<init>(ExcelTest.java:27)
	at App_modules.MD04_Draw_Flow.<init>(MD04_Draw_Flow.java:26)
	at Automation_Framework.ExcelTest.<init>(ExcelTest.java:27)
	at App_modules.MD04_Draw_Flow.<init>(MD04_Draw_Flow.java:26)
	at Automation_Framework.ExcelTest.<init>(ExcelTest.java:27)
	at App_modules.MD04_Draw_Flow.<init>(MD04_Draw_Flow.java:26)
	at Automation_Framework.ExcelTest.<init>(ExcelTest.java:27)
	at App_modules.MD04_Draw_Flow.<init>(MD04_Draw_Flow.java:26)
	at Automation_Framework.ExcelTest.<init>(ExcelTest.java:27)
	at App_modules.MD04_Draw_Flow.<init>(MD04_Draw_Flow.java:26)
	at Automation_Framework.ExcelTest.<init>(ExcelTest.java:27)
	at App_modules.MD04_Draw_Flow.<init>(MD04_Draw_Flow.java:26)
	at Automation_Framework.ExcelTest.<init>(ExcelTest.java:27)
	at App_modules.MD04_Draw_Flow.<init>(MD04_Draw_Flow.java:26)
	at Automation_Framework.ExcelTest.<init>(ExcelTest.java:27)
	at App_modules.MD04_Draw_Flow.<init>(MD04_Draw_Flow.java:26)
	at Automation_Framework.ExcelTest.<init>(ExcelTest.java:27)
	at App_modules.MD04_Draw_Flow.<init>(MD04_Draw_Flow.java:26)
	at Automation_Framework.ExcelTest.<init>(ExcelTest.java:27)
	at App_modules.MD04_Draw_Flow.<init>(MD04_Draw_Flow.java:26)
	at Automation_Framework.ExcelTest.<init>(ExcelTest.java:27)
	at App_modules.MD04_Draw_Flow.<init>(MD04_Draw_Flow.java:26)
	at Automation_Framework.ExcelTest.<init>(ExcelTest.java:27)
	at App_modules.MD04_Draw_Flow.<init>(MD04_Draw_Flow.java:26)
	at Automation_Framework.ExcelTest.<init>(ExcelTest.java:27)
	at App_modules.MD04_Draw_Flow.<init>(MD04_Draw_Flow.java:26)
	at Automation_Framework.ExcelTest.<init>(ExcelTest.java:27)
	at App_modules.MD04_Draw_Flow.<init>(MD04_Draw_Flow.java:26)
	at Automation_Framework.ExcelTest.<init>(ExcelTest.java:27)
	at App_modules.MD04_Draw_Flow.<init>(MD04_Draw_Flow.java:26)
	at Automation_Framework.ExcelTest.<init>(ExcelTest.java:27)
	at App_modules.MD04_Draw_Flow.<init>(MD04_Draw_Flow.java:26)
	at Automation_Framework.ExcelTest.<init>(ExcelTest.java:27)
	at App_modules.MD04_Draw_Flow.<init>(MD04_Draw_Flow.java:26)
	at Automation_Framework.ExcelTest.<init>(ExcelTest.java:27)
	at App_modules.MD04_Draw_Flow.<init>(MD04_Draw_Flow.java:26)
	at Automation_Framework.ExcelTest.<init>(ExcelTest.java:27)
	at App_modules.MD04_Draw_Flow.<init>(MD04_Draw_Flow.java:26)
	at Automation_Framework.ExcelTest.<init>(ExcelTest.java:27)
	at App_modules.MD04_Draw_Flow.<init>(MD04_Draw_Flow.java:26)
	at Automation_Framework.ExcelTest.<init>(ExcelTest.java:27)
	at App_modules.MD04_Draw_Flow.<init>(MD04_Draw_Flow.java:26)
	at Automation_Framework.ExcelTest.<init>(ExcelTest.java:27)
	at App_modules.MD04_Draw_Flow.<init>(MD04_Draw_Flow.java:26)
	at Automation_Framework.ExcelTest.<init>(ExcelTest.java:27)
	at App_modules.MD04_Draw_Flow.<init>(MD04_Draw_Flow.java:26)
	at Automation_Framework.ExcelTest.<init>(ExcelTest.java:27)
	at App_modules.MD04_Draw_Flow.<init>(MD04_Draw_Flow.java:26)
	at Automation_Framework.ExcelTest.<init>(ExcelTest.java:27)
	at App_modules.MD04_Draw_Flow.<init>(MD04_Draw_Flow.java:26)
	at Automation_Framework.ExcelTest.<init>(ExcelTest.java:27)
	at App_modules.MD04_Draw_Flow.<init>(MD04_Draw_Flow.java:26)
	at Automation_Framework.ExcelTest.<init>(ExcelTest.java:27)
	at App_modules.MD04_Draw_Flow.<init>(MD04_Draw_Flow.java:26)
	at Automation_Framework.ExcelTest.<init>(ExcelTest.java:27)
	at App_modules.MD04_Draw_Flow.<init>(MD04_Draw_Flow.java:26)
	at Automation_Framework.ExcelTest.<init>(ExcelTest.java:27)
	at App_modules.MD04_Draw_Flow.<init>(MD04_Draw_Flow.java:26)
	at Automation_Framework.ExcelTest.<init>(ExcelTest.java:27)
	at App_modules.MD04_Draw_Flow.<init>(MD04_Draw_Flow.java:26)
	at Automation_Framework.ExcelTest.<init>(ExcelTest.java:27)
	at App_modules.MD04_Draw_Flow.<init>(MD04_Draw_Flow.java:26)
	at Automation_Framework.ExcelTest.<init>(ExcelTest.java:27)
	at App_modules.MD04_Draw_Flow.<init>(MD04_Draw_Flow.java:26)
	at Automation_Framework.ExcelTest.<init>(ExcelTest.java:27)
	at App_modules.MD04_Draw_Flow.<init>(MD04_Draw_Flow.java:26)
	at Automation_Framework.ExcelTest.<init>(ExcelTest.java:27)
	at App_modules.MD04_Draw_Flow.<init>(MD04_Draw_Flow.java:26)
	at Automation_Framework.ExcelTest.<init>(ExcelTest.java:27)
	at App_modules.MD04_Draw_Flow.<init>(MD04_Draw_Flow.java:26)
	at Automation_Framework.ExcelTest.<init>(ExcelTest.java:27)
	at App_modules.MD04_Draw_Flow.<init>(MD04_Draw_Flow.java:26)
	at Automation_Framework.ExcelTest.<init>(ExcelTest.java:27)
	at App_modules.MD04_Draw_Flow.<init>(MD04_Draw_Flow.java:26)
	at Automation_Framework.ExcelTest.<init>(ExcelTest.java:27)
	at App_modules.MD04_Draw_Flow.<init>(MD04_Draw_Flow.java:26)
	at Automation_Framework.ExcelTest.<init>(ExcelTest.java:27)
	at App_modules.MD04_Draw_Flow.<init>(MD04_Draw_Flow.java:26)
	at Automation_Framework.ExcelTest.<init>(ExcelTest.java:27)
	at App_modules.MD04_Draw_Flow.<init>(MD04_Draw_Flow.java:26)
	at Automation_Framework.ExcelTest.<init>(ExcelTest.java:27)
	at App_modules.MD04_Draw_Flow.<init>(MD04_Draw_Flow.java:26)
	at Automation_Framework.ExcelTest.<init>(ExcelTest.java:27)
	at App_modules.MD04_Draw_Flow.<init>(MD04_Draw_Flow.java:26)
	at Automation_Framework.ExcelTest.<init>(ExcelTest.java:27)
	at App_modules.MD04_Draw_Flow.<init>(MD04_Draw_Flow.java:26)
	at Automation_Framework.ExcelTest.<init>(ExcelTest.java:27)
	at App_modules.MD04_Draw_Flow.<init>(MD04_Draw_Flow.java:26)
	at Automation_Framework.ExcelTest.<init>(ExcelTest.java:27)
	at App_modules.MD04_Draw_Flow.<init>(MD04_Draw_Flow.java:26)
	at Automation_Framework.ExcelTest.<init>(ExcelTest.java:27)
	at App_modules.MD04_Draw_Flow.<init>(MD04_Draw_Flow.java:26)
	at Automation_Framework.ExcelTest.<init>(ExcelTest.java:27)
	at App_modules.MD04_Draw_Flow.<init>(MD04_Draw_Flow.java:26)
	at Automation_Framework.ExcelTest.<init>(ExcelTest.java:27)
	at App_modules.MD04_Draw_Flow.<init>(MD04_Draw_Flow.java:26)
	at Automation_Framework.ExcelTest.<init>(ExcelTest.java:27)
	at App_modules.MD04_Draw_Flow.<init>(MD04_Draw_Flow.java:26)
	at Automation_Framework.ExcelTest.<init>(ExcelTest.java:27)
	at App_modules.MD04_Draw_Flow.<init>(MD04_Draw_Flow.java:26)
	at Automation_Framework.ExcelTest.<init>(ExcelTest.java:27)
	at App_modules.MD04_Draw_Flow.<init>(MD04_Draw_Flow.java:26)
	at Automation_Framework.ExcelTest.<init>(ExcelTest.java:27)
	at App_modules.MD04_Draw_Flow.<init>(MD04_Draw_Flow.java:26)
	at Automation_Framework.ExcelTest.<init>(ExcelTest.java:27)
	at App_modules.MD04_Draw_Flow.<init>(MD04_Draw_Flow.java:26)
	at Automation_Framework.ExcelTest.<init>(ExcelTest.java:27)
	at App_modules.MD04_Draw_Flow.<init>(MD04_Draw_Flow.java:26)
	at Automation_Framework.ExcelTest.<init>(ExcelTest.java:27)
	at App_modules.MD04_Draw_Flow.<init>(MD04_Draw_Flow.java:26)
	at Automation_Framework.ExcelTest.<init>(ExcelTest.java:27)
	at App_modules.MD04_Draw_Flow.<init>(MD04_Draw_Flow.java:26)
	at Automation_Framework.ExcelTest.<init>(ExcelTest.java:27)
	at App_modules.MD04_Draw_Flow.<init>(MD04_Draw_Flow.java:26)
	at Automation_Framework.ExcelTest.<init>(ExcelTest.java:27)
	at App_modules.MD04_Draw_Flow.<init>(MD04_Draw_Flow.java:26)
	at Automation_Framework.ExcelTest.<init>(ExcelTest.java:27)
	at App_modules.MD04_Draw_Flow.<init>(MD04_Draw_Flow.java:26)
	at Automation_Framework.ExcelTest.<init>(ExcelTest.java:27)
	at App_modules.MD04_Draw_Flow.<init>(MD04_Draw_Flow.java:26)
	at Automation_Framework.ExcelTest.<init>(ExcelTest.java:27)
	at App_modules.MD04_Draw_Flow.<init>(MD04_Draw_Flow.java:26)
	at Automation_Framework.ExcelTest.<init>(ExcelTest.java:27)
	at App_modules.MD04_Draw_Flow.<init>(MD04_Draw_Flow.java:26)
	at Automation_Framework.ExcelTest.<init>(ExcelTest.java:27)
	at App_modules.MD04_Draw_Flow.<init>(MD04_Draw_Flow.java:26)
	at Automation_Framework.ExcelTest.<init>(ExcelTest.java:27)
	at App_modules.MD04_Draw_Flow.<init>(MD04_Draw_Flow.java:26)
	at Automation_Framework.ExcelTest.<init>(ExcelTest.java:27)
	at App_modules.MD04_Draw_Flow.<init>(MD04_Draw_Flow.java:26)
	at Automation_Framework.ExcelTest.<init>(ExcelTest.java:27)
	at App_modules.MD04_Draw_Flow.<init>(MD04_Draw_Flow.java:26)
	at Automation_Framework.ExcelTest.<init>(ExcelTest.java:27)
	at App_modules.MD04_Draw_Flow.<init>(MD04_Draw_Flow.java:26)
	at Automation_Framework.ExcelTest.<init>(ExcelTest.java:27)
	at App_modules.MD04_Draw_Flow.<init>(MD04_Draw_Flow.java:26)
	at Automation_Framework.ExcelTest.<init>(ExcelTest.java:27)
	at App_modules.MD04_Draw_Flow.<init>(MD04_Draw_Flow.java:26)
	at Automation_Framework.ExcelTest.<init>(ExcelTest.java:27)
	at App_modules.MD04_Draw_Flow.<init>(MD04_Draw_Flow.java:26)
	at Automation_Framework.ExcelTest.<init>(ExcelTest.java:27)
	at App_modules.MD04_Draw_Flow.<init>(MD04_Draw_Flow.java:26)
	at Automation_Framework.ExcelTest.<init>(ExcelTest.java:27)
	at App_modules.MD04_Draw_Flow.<init>(MD04_Draw_Flow.java:26)
	at Automation_Framework.ExcelTest.<init>(ExcelTest.java:27)
	at App_modules.MD04_Draw_Flow.<init>(MD04_Draw_Flow.java:26)
	at Automation_Framework.ExcelTest.<init>(ExcelTest.java:27)
	at App_modules.MD04_Draw_Flow.<init>(MD04_Draw_Flow.java:26)
	at Automation_Framework.ExcelTest.<init>(ExcelTest.java:27)
	at App_modules.MD04_Draw_Flow.<init>(MD04_Draw_Flow.java:26)
	at Automation_Framework.ExcelTest.<init>(ExcelTest.java:27)
	at App_modules.MD04_Draw_Flow.<init>(MD04_Draw_Flow.java:26)
	at Automation_Framework.ExcelTest.<init>(ExcelTest.java:27)
	at App_modules.MD04_Draw_Flow.<init>(MD04_Draw_Flow.java:26)
	at Automation_Framework.ExcelTest.<init>(ExcelTest.java:27)
	at App_modules.MD04_Draw_Flow.<init>(MD04_Draw_Flow.java:26)
	at Automation_Framework.ExcelTest.<init>(ExcelTest.java:27)
	at App_modules.MD04_Draw_Flow.<init>(MD04_Draw_Flow.java:26)
	at Automation_Framework.ExcelTest.<init>(ExcelTest.java:27)
	at App_modules.MD04_Draw_Flow.<init>(MD04_Draw_Flow.java:26)
	at Automation_Framework.ExcelTest.<init>(ExcelTest.java:27)
	at App_modules.MD04_Draw_Flow.<init>(MD04_Draw_Flow.java:26)
	at Automation_Framework.ExcelTest.<init>(ExcelTest.java:27)
	at App_modules.MD04_Draw_Flow.<init>(MD04_Draw_Flow.java:26)
	at Automation_Framework.ExcelTest.<init>(ExcelTest.java:27)
	at App_modules.MD04_Draw_Flow.<init>(MD04_Draw_Flow.java:26)
	at Automation_Framework.ExcelTest.<init>(ExcelTest.java:27)
	at App_modules.MD04_Draw_Flow.<init>(MD04_Draw_Flow.java:26)
	at Automation_Framework.ExcelTest.<init>(ExcelTest.java:27)
	at App_modules.MD04_Draw_Flow.<init>(MD04_Draw_Flow.java:26)
	at Automation_Framework.ExcelTest.<init>(ExcelTest.java:27)
	at App_modules.MD04_Draw_Flow.<init>(MD04_Draw_Flow.java:26)
	at Automation_Framework.ExcelTest.<init>(ExcelTest.java:27)
	at App_modules.MD04_Draw_Flow.<init>(MD04_Draw_Flow.java:26)
	at Automation_Framework.ExcelTest.<init>(ExcelTest.java:27)
	at App_modules.MD04_Draw_Flow.<init>(MD04_Draw_Flow.java:26)
	at Automation_Framework.ExcelTest.<init>(ExcelTest.java:27)
	at App_modules.MD04_Draw_Flow.<init>(MD04_Draw_Flow.java:26)
	at Automation_Framework.ExcelTest.<init>(ExcelTest.java:27)
	at App_modules.MD04_Draw_Flow.<init>(MD04_Draw_Flow.java:26)
	at Automation_Framework.ExcelTest.<init>(ExcelTest.java:27)
	at App_modules.MD04_Draw_Flow.<init>(MD04_Draw_Flow.java:26)
	at Automation_Framework.ExcelTest.<init>(ExcelTest.java:27)
	at App_modules.MD04_Draw_Flow.<init>(MD04_Draw_Flow.java:26)
	at Automation_Framework.ExcelTest.<init>(ExcelTest.java:27)
	at App_modules.MD04_Draw_Flow.<init>(MD04_Draw_Flow.java:26)
	at Automation_Framework.ExcelTest.<init>(ExcelTest.java:27)
	at App_modules.MD04_Draw_Flow.<init>(MD04_Draw_Flow.java:26)
	at Automation_Framework.ExcelTest.<init>(ExcelTest.java:27)
	at App_modules.MD04_Draw_Flow.<init>(MD04_Draw_Flow.java:26)
	at Automation_Framework.ExcelTest.<init>(ExcelTest.java:27)
	at App_modules.MD04_Draw_Flow.<init>(MD04_Draw_Flow.java:26)
	at Automation_Framework.ExcelTest.<init>(ExcelTest.java:27)
	at App_modules.MD04_Draw_Flow.<init>(MD04_Draw_Flow.java:26)
	at Automation_Framework.ExcelTest.<init>(ExcelTest.java:27)
	at App_modules.MD04_Draw_Flow.<init>(MD04_Draw_Flow.java:26)
	at Automation_Framework.ExcelTest.<init>(ExcelTest.java:27)
	at App_modules.MD04_Draw_Flow.<init>(MD04_Draw_Flow.java:26)
	at Automation_Framework.ExcelTest.<init>(ExcelTest.java:27)
	at App_modules.MD04_Draw_Flow.<init>(MD04_Draw_Flow.java:26)
	at Automation_Framework.ExcelTest.<init>(ExcelTest.java:27)
	at App_modules.MD04_Draw_Flow.<init>(MD04_Draw_Flow.java:26)
	at Automation_Framework.ExcelTest.<init>(ExcelTest.java:27)
	at App_modules.MD04_Draw_Flow.<init>(MD04_Draw_Flow.java:26)
	at Automation_Framework.ExcelTest.<init>(ExcelTest.java:27)
	at App_modules.MD04_Draw_Flow.<init>(MD04_Draw_Flow.java:26)
	at Automation_Framework.ExcelTest.<init>(ExcelTest.java:27)
	at App_modules.MD04_Draw_Flow.<init>(MD04_Draw_Flow.java:26)
	at Automation_Framework.ExcelTest.<init>(ExcelTest.java:27)
	at App_modules.MD04_Draw_Flow.<init>(MD04_Draw_Flow.java:26)
	at Automation_Framework.ExcelTest.<init>(ExcelTest.java:27)
	at App_modules.MD04_Draw_Flow.<init>(MD04_Draw_Flow.java:26)
	at Automation_Framework.ExcelTest.<init>(ExcelTest.java:27)
	at App_modules.MD04_Draw_Flow.<init>(MD04_Draw_Flow.java:26)
	at Automation_Framework.ExcelTest.<init>(ExcelTest.java:27)
	at App_modules.MD04_Draw_Flow.<init>(MD04_Draw_Flow.java:26)
	at Automation_Framework.ExcelTest.<init>(ExcelTest.java:27)
	at App_modules.MD04_Draw_Flow.<init>(MD04_Draw_Flow.java:26)
	at Automation_Framework.ExcelTest.<init>(ExcelTest.java:27)
	at App_modules.MD04_Draw_Flow.<init>(MD04_Draw_Flow.java:26)
	at Automation_Framework.ExcelTest.<init>(ExcelTest.java:27)
	at App_modules.MD04_Draw_Flow.<init>(MD04_Draw_Flow.java:26)
	at Automation_Framework.ExcelTest.<init>(ExcelTest.java:27)
	at App_modules.MD04_Draw_Flow.<init>(MD04_Draw_Flow.java:26)
	at Automation_Framework.ExcelTest.<init>(ExcelTest.java:27)
	at App_modules.MD04_Draw_Flow.<init>(MD04_Draw_Flow.java:26)
	at Automation_Framework.ExcelTest.<init>(ExcelTest.java:27)
	at App_modules.MD04_Draw_Flow.<init>(MD04_Draw_Flow.java:26)
	at Automation_Framework.ExcelTest.<init>(ExcelTest.java:27)
	at App_modules.MD04_Draw_Flow.<init>(MD04_Draw_Flow.java:26)
	at Automation_Framework.ExcelTest.<init>(ExcelTest.java:27)
	at App_modules.MD04_Draw_Flow.<init>(MD04_Draw_Flow.java:26)
	at Automation_Framework.ExcelTest.<init>(ExcelTest.java:27)
	at App_modules.MD04_Draw_Flow.<init>(MD04_Draw_Flow.java:26)
	at Automation_Framework.ExcelTest.<init>(ExcelTest.java:27)
	at App_modules.MD04_Draw_Flow.<init>(MD04_Draw_Flow.java:26)
	at Automation_Framework.ExcelTest.<init>(ExcelTest.java:27)
	at App_modules.MD04_Draw_Flow.<init>(MD04_Draw_Flow.java:26)
	at Automation_Framework.ExcelTest.<init>(ExcelTest.java:27)
	at App_modules.MD04_Draw_Flow.<init>(MD04_Draw_Flow.java:26)
	at Automation_Framework.ExcelTest.<init>(ExcelTest.java:27)
	at App_modules.MD04_Draw_Flow.<init>(MD04_Draw_Flow.java:26)
	at Automation_Framework.ExcelTest.<init>(ExcelTest.java:27)
	at App_modules.MD04_Draw_Flow.<init>(MD04_Draw_Flow.java:26)
	at Automation_Framework.ExcelTest.<init>(ExcelTest.java:27)
	at App_modules.MD04_Draw_Flow.<init>(MD04_Draw_Flow.java:26)
	at Automation_Framework.ExcelTest.<init>(ExcelTest.java:27)
	at App_modules.MD04_Draw_Flow.<init>(MD04_Draw_Flow.java:26)
	at Automation_Framework.ExcelTest.<init>(ExcelTest.java:27)
	at App_modules.MD04_Draw_Flow.<init>(MD04_Draw_Flow.java:26)
	at Automation_Framework.ExcelTest.<init>(ExcelTest.java:27)
	at App_modules.MD04_Draw_Flow.<init>(MD04_Draw_Flow.java:26)
	at Automation_Framework.ExcelTest.<init>(ExcelTest.java:27)
	at App_modules.MD04_Draw_Flow.<init>(MD04_Draw_Flow.java:26)
	at Automation_Framework.ExcelTest.<init>(ExcelTest.java:27)
	at App_modules.MD04_Draw_Flow.<init>(MD04_Draw_Flow.java:26)
	at Automation_Framework.ExcelTest.<init>(ExcelTest.java:27)
	at App_modules.MD04_Draw_Flow.<init>(MD04_Draw_Flow.java:26)
	at Automation_Framework.ExcelTest.<init>(ExcelTest.java:27)
	at App_modules.MD04_Draw_Flow.<init>(MD04_Draw_Flow.java:26)
	at Automation_Framework.ExcelTest.<init>(ExcelTest.java:27)
	at App_modules.MD04_Draw_Flow.<init>(MD04_Draw_Flow.java:26)
	at Automation_Framework.ExcelTest.<init>(ExcelTest.java:27)
	at App_modules.MD04_Draw_Flow.<init>(MD04_Draw_Flow.java:26)
	at Automation_Framework.ExcelTest.<init>(ExcelTest.java:27)
	at App_modules.MD04_Draw_Flow.<init>(MD04_Draw_Flow.java:26)
	at Automation_Framework.ExcelTest.<init>(ExcelTest.java:27)
	at App_modules.MD04_Draw_Flow.<init>(MD04_Draw_Flow.java:26)
	at Automation_Framework.ExcelTest.<init>(ExcelTest.java:27)
	at App_modules.MD04_Draw_Flow.<init>(MD04_Draw_Flow.java:26)
	at Automation_Framework.ExcelTest.<init>(ExcelTest.java:27)
	at App_modules.MD04_Draw_Flow.<init>(MD04_Draw_Flow.java:26)
	at Automation_Framework.ExcelTest.<init>(ExcelTest.java:27)
	at App_modules.MD04_Draw_Flow.<init>(MD04_Draw_Flow.java:26)
	at Automation_Framework.ExcelTest.<init>(ExcelTest.java:27)
	at App_modules.MD04_Draw_Flow.<init>(MD04_Draw_Flow.java:26)
	at Automation_Framework.ExcelTest.<init>(ExcelTest.java:27)
	at App_modules.MD04_Draw_Flow.<init>(MD04_Draw_Flow.java:26)
	at Automation_Framework.ExcelTest.<init>(ExcelTest.java:27)
	at App_modules.MD04_Draw_Flow.<init>(MD04_Draw_Flow.java:26)
	at Automation_Framework.ExcelTest.<init>(ExcelTest.java:27)
	at App_modules.MD04_Draw_Flow.<init>(MD04_Draw_Flow.java:26)
	at Automation_Framework.ExcelTest.<init>(ExcelTest.java:27)
	at App_modules.MD04_Draw_Flow.<init>(MD04_Draw_Flow.java:26)
	at Automation_Framework.ExcelTest.<init>(ExcelTest.java:27)
	at App_modules.MD04_Draw_Flow.<init>(MD04_Draw_Flow.java:26)
	at Automation_Framework.ExcelTest.<init>(ExcelTest.java:27)
	at App_modules.MD04_Draw_Flow.<init>(MD04_Draw_Flow.java:26)
	at Automation_Framework.ExcelTest.<init>(ExcelTest.java:27)
	at App_modules.MD04_Draw_Flow.<init>(MD04_Draw_Flow.java:26)
	at Automation_Framework.ExcelTest.<init>(ExcelTest.java:27)
	at App_modules.MD04_Draw_Flow.<init>(MD04_Draw_Flow.java:26)
	at Automation_Framework.ExcelTest.<init>(ExcelTest.java:27)
	at App_modules.MD04_Draw_Flow.<init>(MD04_Draw_Flow.java:26)
	at Automation_Framework.ExcelTest.<init>(ExcelTest.java:27)
	at App_modules.MD04_Draw_Flow.<init>(MD04_Draw_Flow.java:26)
	at Automation_Framework.ExcelTest.<init>(ExcelTest.java:27)
	at App_modules.MD04_Draw_Flow.<init>(MD04_Draw_Flow.java:26)
	at Automation_Framework.ExcelTest.<init>(ExcelTest.java:27)
	at App_modules.MD04_Draw_Flow.<init>(MD04_Draw_Flow.java:26)
	at Automation_Framework.ExcelTest.<init>(ExcelTest.java:27)
	at App_modules.MD04_Draw_Flow.<init>(MD04_Draw_Flow.java:26)
	at Automation_Framework.ExcelTest.<init>(ExcelTest.java:27)
	at App_modules.MD04_Draw_Flow.<init>(MD04_Draw_Flow.java:26)
	at Automation_Framework.ExcelTest.<init>(ExcelTest.java:27)
	at App_modules.MD04_Draw_Flow.<init>(MD04_Draw_Flow.java:26)
	at Automation_Framework.ExcelTest.<init>(ExcelTest.java:27)
	at App_modules.MD04_Draw_Flow.<init>(MD04_Draw_Flow.java:26)
	at Automation_Framework.ExcelTest.<init>(ExcelTest.java:27)
	at App_modules.MD04_Draw_Flow.<init>(MD04_Draw_Flow.java:26)
	at Automation_Framework.ExcelTest.<init>(ExcelTest.java:27)
	at App_modules.MD04_Draw_Flow.<init>(MD04_Draw_Flow.java:26)
	at Automation_Framework.ExcelTest.<init>(ExcelTest.java:27)
	at App_modules.MD04_Draw_Flow.<init>(MD04_Draw_Flow.java:26)
	at Automation_Framework.ExcelTest.<init>(ExcelTest.java:27)
	at App_modules.MD04_Draw_Flow.<init>(MD04_Draw_Flow.java:26)
	at Automation_Framework.ExcelTest.<init>(ExcelTest.java:27)
	at App_modules.MD04_Draw_Flow.<init>(MD04_Draw_Flow.java:26)
	at Automation_Framework.ExcelTest.<init>(ExcelTest.java:27)
	at App_modules.MD04_Draw_Flow.<init>(MD04_Draw_Flow.java:26)
	at Automation_Framework.ExcelTest.<init>(ExcelTest.java:27)
	at App_modules.MD04_Draw_Flow.<init>(MD04_Draw_Flow.java:26)
	at Automation_Framework.ExcelTest.<init>(ExcelTest.java:27)
	at App_modules.MD04_Draw_Flow.<init>(MD04_Draw_Flow.java:26)
	at Automation_Framework.ExcelTest.<init>(ExcelTest.java:27)
	at App_modules.MD04_Draw_Flow.<init>(MD04_Draw_Flow.java:26)
	at Automation_Framework.ExcelTest.<init>(ExcelTest.java:27)
	at App_modules.MD04_Draw_Flow.<init>(MD04_Draw_Flow.java:26)
	at Automation_Framework.ExcelTest.<init>(ExcelTest.java:27)
	at App_modules.MD04_Draw_Flow.<init>(MD04_Draw_Flow.java:26)
	at Automation_Framework.ExcelTest.<init>(ExcelTest.java:27)
	at App_modules.MD04_Draw_Flow.<init>(MD04_Draw_Flow.java:26)
	at Automation_Framework.ExcelTest.<init>(ExcelTest.java:27)
	at App_modules.MD04_Draw_Flow.<init>(MD04_Draw_Flow.java:26)
	at Automation_Framework.ExcelTest.<init>(ExcelTest.java:27)
	at App_modules.MD04_Draw_Flow.<init>(MD04_Draw_Flow.java:26)
	at Automation_Framework.ExcelTest.<init>(ExcelTest.java:27)
	at App_modules.MD04_Draw_Flow.<init>(MD04_Draw_Flow.java:26)
	at Automation_Framework.ExcelTest.<init>(ExcelTest.java:27)
	at App_modules.MD04_Draw_Flow.<init>(MD04_Draw_Flow.java:26)
	at Automation_Framework.ExcelTest.<init>(ExcelTest.java:27)
	at App_modules.MD04_Draw_Flow.<init>(MD04_Draw_Flow.java:26)
	at Automation_Framework.ExcelTest.<init>(ExcelTest.java:27)
	at App_modules.MD04_Draw_Flow.<init>(MD04_Draw_Flow.java:26)
	at Automation_Framework.ExcelTest.<init>(ExcelTest.java:27)
	at App_modules.MD04_Draw_Flow.<init>(MD04_Draw_Flow.java:26)
	at Automation_Framework.ExcelTest.<init>(ExcelTest.java:27)
	at App_modules.MD04_Draw_Flow.<init>(MD04_Draw_Flow.java:26)
	at Automation_Framework.ExcelTest.<init>(ExcelTest.java:27)
	at App_modules.MD04_Draw_Flow.<init>(MD04_Draw_Flow.java:26)
	at Automation_Framework.ExcelTest.<init>(ExcelTest.java:27)
	at App_modules.MD04_Draw_Flow.<init>(MD04_Draw_Flow.java:26)
	at Automation_Framework.ExcelTest.<init>(ExcelTest.java:27)
	at App_modules.MD04_Draw_Flow.<init>(MD04_Draw_Flow.java:26)
	at Automation_Framework.ExcelTest.<init>(ExcelTest.java:27)
	at App_modules.MD04_Draw_Flow.<init>(MD04_Draw_Flow.java:26)
	at Automation_Framework.ExcelTest.<init>(ExcelTest.java:27)
	at App_modules.MD04_Draw_Flow.<init>(MD04_Draw_Flow.java:26)
	at Automation_Framework.ExcelTest.<init>(ExcelTest.java:27)
	at App_modules.MD04_Draw_Flow.<init>(MD04_Draw_Flow.java:26)
	at Automation_Framework.ExcelTest.<init>(ExcelTest.java:27)
	at App_modules.MD04_Draw_Flow.<init>(MD04_Draw_Flow.java:26)
	at Automation_Framework.ExcelTest.<init>(ExcelTest.java:27)
	at App_modules.MD04_Draw_Flow.<init>(MD04_Draw_Flow.java:26)
	at Automation_Framework.ExcelTest.<init>(ExcelTest.java:27)
	at App_modules.MD04_Draw_Flow.<init>(MD04_Draw_Flow.java:26)
	at Automation_Framework.ExcelTest.<init>(ExcelTest.java:27)
	at App_modules.MD04_Draw_Flow.<init>(MD04_Draw_Flow.java:26)
	at Automation_Framework.ExcelTest.<init>(ExcelTest.java:27)
	at App_modules.MD04_Draw_Flow.<init>(MD04_Draw_Flow.java:26)
	at Automation_Framework.ExcelTest.<init>(ExcelTest.java:27)
	at App_modules.MD04_Draw_Flow.<init>(MD04_Draw_Flow.java:26)
	at Automation_Framework.ExcelTest.<init>(ExcelTest.java:27)
	at App_modules.MD04_Draw_Flow.<init>(MD04_Draw_Flow.java:26)
	at Automation_Framework.ExcelTest.<init>(ExcelTest.java:27)
	at App_modules.MD04_Draw_Flow.<init>(MD04_Draw_Flow.java:26)
	at Automation_Framework.ExcelTest.<init>(ExcelTest.java:27)
	at App_modules.MD04_Draw_Flow.<init>(MD04_Draw_Flow.java:26)
	at Automation_Framework.ExcelTest.<init>(ExcelTest.java:27)
	at App_modules.MD04_Draw_Flow.<init>(MD04_Draw_Flow.java:26)
	at Automation_Framework.ExcelTest.<init>(ExcelTest.java:27)
	at App_modules.MD04_Draw_Flow.<init>(MD04_Draw_Flow.java:26)
	at Automation_Framework.ExcelTest.<init>(ExcelTest.java:27)
	at App_modules.MD04_Draw_Flow.<init>(MD04_Draw_Flow.java:26)
	at Automation_Framework.ExcelTest.<init>(ExcelTest.java:27)
	at App_modules.MD04_Draw_Flow.<init>(MD04_Draw_Flow.java:26)
	at Automation_Framework.ExcelTest.<init>(ExcelTest.java:27)
	at App_modules.MD04_Draw_Flow.<init>(MD04_Draw_Flow.java:26)
	at Automation_Framework.ExcelTest.<init>(ExcelTest.java:27)
	at App_modules.MD04_Draw_Flow.<init>(MD04_Draw_Flow.java:26)
	at Automation_Framework.ExcelTest.<init>(ExcelTest.java:27)
	at App_modules.MD04_Draw_Flow.<init>(MD04_Draw_Flow.java:26)
	at Automation_Framework.ExcelTest.<init>(ExcelTest.java:27)
	at App_modules.MD04_Draw_Flow.<init>(MD04_Draw_Flow.java:26)
	at Automation_Framework.ExcelTest.<init>(ExcelTest.java:27)
	at App_modules.MD04_Draw_Flow.<init>(MD04_Draw_Flow.java:26)
	at Automation_Framework.ExcelTest.<init>(ExcelTest.java:27)
	at App_modules.MD04_Draw_Flow.<init>(MD04_Draw_Flow.java:26)
	at Automation_Framework.ExcelTest.<init>(ExcelTest.java:27)
	at App_modules.MD04_Draw_Flow.<init>(MD04_Draw_Flow.java:26)
	at Automation_Framework.ExcelTest.<init>(ExcelTest.java:27)
	at App_modules.MD04_Draw_Flow.<init>(MD04_Draw_Flow.java:26)
	at Automation_Framework.ExcelTest.<init>(ExcelTest.java:27)
	at App_modules.MD04_Draw_Flow.<init>(MD04_Draw_Flow.java:26)
	at Automation_Framework.ExcelTest.<init>(ExcelTest.java:27)
	at App_modules.MD04_Draw_Flow.<init>(MD04_Draw_Flow.java:26)
	at Automation_Framework.ExcelTest.<init>(ExcelTest.java:27)
	at App_modules.MD04_Draw_Flow.<init>(MD04_Draw_Flow.java:26)
	at Automation_Framework.ExcelTest.<init>(ExcelTest.java:27)
	at App_modules.MD04_Draw_Flow.<init>(MD04_Draw_Flow.java:26)
	at Automation_Framework.ExcelTest.<init>(ExcelTest.java:27)
	at App_modules.MD04_Draw_Flow.<init>(MD04_Draw_Flow.java:26)
	at Automation_Framework.ExcelTest.<init>(ExcelTest.java:27)
	at App_modules.MD04_Draw_Flow.<init>(MD04_Draw_Flow.java:26)
	at Automation_Framework.ExcelTest.<init>(ExcelTest.java:27)
	at App_modules.MD04_Draw_Flow.<init>(MD04_Draw_Flow.java:26)
	at Automation_Framework.ExcelTest.<init>(ExcelTest.java:27)
	at App_modules.MD04_Draw_Flow.<init>(MD04_Draw_Flow.java:26)
	at Automation_Framework.ExcelTest.<init>(ExcelTest.java:27)
	at App_modules.MD04_Draw_Flow.<init>(MD04_Draw_Flow.java:26)
	at Automation_Framework.ExcelTest.<init>(ExcelTest.java:27)
	at App_modules.MD04_Draw_Flow.<init>(MD04_Draw_Flow.java:26)
	at Automation_Framework.ExcelTest.<init>(ExcelTest.java:27)
	at App_modules.MD04_Draw_Flow.<init>(MD04_Draw_Flow.java:26)
	at Automation_Framework.ExcelTest.<init>(ExcelTest.java:27)
	at App_modules.MD04_Draw_Flow.<init>(MD04_Draw_Flow.java:26)
	at Automation_Framework.ExcelTest.<init>(ExcelTest.java:27)
	at App_modules.MD04_Draw_Flow.<init>(MD04_Draw_Flow.java:26)
	at Automation_Framework.ExcelTest.<init>(ExcelTest.java:27)
	at App_modules.MD04_Draw_Flow.<init>(MD04_Draw_Flow.java:26)
	at Automation_Framework.ExcelTest.<init>(ExcelTest.java:27)
]]>
    </failure>
  </testcase> <!-- @BeforeTest exceldata -->
</testsuite>
