<?xml version="1.0" encoding="UTF-8"?>
<!-- Generated by org.testng.reporters.JUnitXMLReporter -->
<testsuite hostname="Sushant.local" name="TC0007_signin_profile_gender" tests="2" failures="0" timestamp="3 Dec 2016 10:31:15 GMT" time="76.991" errors="0">
  <testcase name="Signin_success" time="51.184" classname="luckystars.TC0007_signin_profile_gender"/>
  <testcase name="signin_profile_gender" time="10.883" classname="luckystars.TC0007_signin_profile_gender"/>
</testsuite> <!-- TC0007_signin_profile_gender -->
