<?xml version="1.0" encoding="UTF-8"?>
<!-- Generated by org.testng.reporters.JUnitXMLReporter -->
<testsuite hostname="Sushant.local" name="TC0004_signin_profile_lasttname_edit" tests="2" failures="0" timestamp="3 Dec 2016 10:26:50 GMT" time="88.204" errors="0">
  <testcase name="Signin_success" time="50.138" classname="luckystars.TC0004_signin_profile_lastname_edit"/>
  <testcase name="signin_profile_lasttname_edit" time="23.473" classname="luckystars.TC0004_signin_profile_lastname_edit"/>
</testsuite> <!-- TC0004_signin_profile_lasttname_edit -->
