<?xml version="1.0" encoding="UTF-8"?>
<!-- Generated by org.testng.reporters.JUnitXMLReporter -->
<testsuite hostname="Sushant.local" name="TC0012_Signup_Customersupport" tests="1" failures="1" timestamp="3 Dec 2016 10:49:27 GMT" time="667.713" errors="0">
  <testcase name="Signup_Customersupport" time="651.832" classname="luckystars.TC0012_Signup_Customersupport">
    <failure type="org.openqa.selenium.NoSuchElementException" message="An element could not be located on the page using the given search parameters. (WARNING: The server did not provide any stacktrace information)
Command duration or timeout: 300.51 seconds
For documentation on this error, please visit: http://seleniumhq.org/exceptions/no_such_element.html
Build info: version: &amp;apos;2.46.0&amp;apos;, revision: &amp;apos;87c69e2&amp;apos;, time: &amp;apos;2015-06-04 16:17:10&amp;apos;
System info: host: &amp;apos;Sushant.local&amp;apos;, ip: &amp;apos;192.168.2.1&amp;apos;, os.name: &amp;apos;Mac OS X&amp;apos;, os.arch: &amp;apos;x86_64&amp;apos;, os.version: &amp;apos;10.12.1&amp;apos;, java.version: &amp;apos;1.8.0_65&amp;apos;
Driver info: io.appium.java_client.android.AndroidDriver
Capabilities [{app=/Users/Desktop/Lucky_Stars.apk, networkConnectionEnabled=true, warnings={}, databaseEnabled=false, deviceName=ZY2224NBCM, platform=LINUX, desired={app=/Users/Desktop/Lucky_Stars.apk, appium-version=1.4, platformVersion=4.3, platformName=Android, deviceName=0123456789ABCDEF}, appium-version=1.4, platformVersion=6.0.1, webStorageEnabled=false, locationContextEnabled=false, browserName=Android, takesScreenshot=true, javascriptEnabled=true, platformName=Android}]
Session ID: e3b89d51-8aad-4c60-8fb7-5a12df42a30c
*** Element info: {Using=id, value=in.interactive.luckystars:id/tv_customer_support}">
      <![CDATA[org.openqa.selenium.NoSuchElementException: An element could not be located on the page using the given search parameters. (WARNING: The server did not provide any stacktrace information)
Command duration or timeout: 300.51 seconds
For documentation on this error, please visit: http://seleniumhq.org/exceptions/no_such_element.html
Build info: version: '2.46.0', revision: '87c69e2', time: '2015-06-04 16:17:10'
System info: host: 'Sushant.local', ip: '192.168.2.1', os.name: 'Mac OS X', os.arch: 'x86_64', os.version: '10.12.1', java.version: '1.8.0_65'
Driver info: io.appium.java_client.android.AndroidDriver
Capabilities [{app=/Users/Desktop/Lucky_Stars.apk, networkConnectionEnabled=true, warnings={}, databaseEnabled=false, deviceName=ZY2224NBCM, platform=LINUX, desired={app=/Users/Desktop/Lucky_Stars.apk, appium-version=1.4, platformVersion=4.3, platformName=Android, deviceName=0123456789ABCDEF}, appium-version=1.4, platformVersion=6.0.1, webStorageEnabled=false, locationContextEnabled=false, browserName=Android, takesScreenshot=true, javascriptEnabled=true, platformName=Android}]
Session ID: e3b89d51-8aad-4c60-8fb7-5a12df42a30c
*** Element info: {Using=id, value=in.interactive.luckystars:id/tv_customer_support}
	at org.openqa.selenium.remote.ErrorHandler.createThrowable(ErrorHandler.java:204)
	at org.openqa.selenium.remote.ErrorHandler.throwIfResponseFailed(ErrorHandler.java:156)
	at org.openqa.selenium.remote.RemoteWebDriver.execute(RemoteWebDriver.java:605)
	at io.appium.java_client.AppiumDriver.execute(AppiumDriver.java:176)
	at org.openqa.selenium.remote.RemoteWebDriver.findElement(RemoteWebDriver.java:358)
	at org.openqa.selenium.remote.RemoteWebDriver.findElementById(RemoteWebDriver.java:399)
	at org.openqa.selenium.By$ById.findElement(By.java:215)
	at org.openqa.selenium.remote.RemoteWebDriver.findElement(RemoteWebDriver.java:350)
	at luckystars.TC0012_Signup_Customersupport.Signup_Customersupport(TC0012_Signup_Customersupport.java:65)
... Removed 28 stack frames]]>
    </failure>
  </testcase> <!-- Signup_Customersupport -->
</testsuite> <!-- TC0012_Signup_Customersupport -->
